<?xml version="1.0" encoding="UTF-8"?>
<!-- Generated by org.testng.reporters.JUnitXMLReporter -->
<testsuite ignored="0" hostname="DDC5-L-F27HLTX" failures="0" tests="7" name="Surefire test" time="0.089" errors="0" timestamp="2021-07-01T20:48:56 IST">
  <testcase classname="qaclick.Mavenjava.ApiTest" name="AddTwitter" time="0.011"/>
  <testcase classname="qaclick.Mavenjava.ApiTest" name="DeleteTwitter" time="0.001"/>
  <testcase classname="qaclick.Mavenjava.ApiTest" name="PostJira" time="0.001"/>
  <testcase classname="qaclick.Mavenjava.AppiumTest" name="IOSApps" time="0.0"/>
  <testcase classname="qaclick.Mavenjava.AppiumTest" name="NativeApps" time="0.0"/>
  <testcase classname="qaclick.Mavenjava.SeleniumTest" name="BrowserAutomation" time="0.0"/>
  <testcase classname="qaclick.Mavenjava.SeleniumTest" name="UiElements" time="0.0"/>
</testsuite> <!-- Surefire test -->
