<?xml version="1.0" encoding="UTF-8"?>
<testsuite xmlns:xsi="http://www.w3.org/2001/XMLSchema-instance" xsi:noNamespaceSchemaLocation="https://maven.apache.org/surefire/maven-surefire-plugin/xsd/surefire-test-report.xsd" name="TestSuite" time="1.064" tests="7" errors="0" skipped="0" failures="0">
  <properties>
[...]
</properties>
  <testcase name="AddTwitter" classname="qaclick.Mavenjava.ApiTest" time="0.012"/>
  <testcase name="DeleteTwitter" classname="qaclick.Mavenjava.ApiTest" time="0"/>
  <testcase name="PostJira" classname="qaclick.Mavenjava.ApiTest" time="0.001"/>
  <testcase name="IOSApps" classname="qaclick.Mavenjava.AppiumTest" time="0.001"/>
  <testcase name="NativeApps" classname="qaclick.Mavenjava.AppiumTest" time="0"/>
  <testcase name="BrowserAutomation" classname="qaclick.Mavenjava.SeleniumTest" time="0"/>
  <testcase name="UiElements" classname="qaclick.Mavenjava.SeleniumTest" time="0"/>
</testsuite>